Determining if the pthread_create exist failed with the following output:
Change Dir: /home/manoj/my_bot/build/CMakeFiles/CMakeTmp

Run Build Command:"/usr/bin/make" "cmTC_232cb/fast"
/usr/bin/make -f CMakeFiles/cmTC_232cb.dir/build.make CMakeFiles/cmTC_232cb.dir/build
make[1]: Entering directory '/home/manoj/my_bot/build/CMakeFiles/CMakeTmp'
Building C object CMakeFiles/cmTC_232cb.dir/CheckSymbolExists.c.o
/usr/bin/cc    -o CMakeFiles/cmTC_232cb.dir/CheckSymbolExists.c.o   -c /home/manoj/my_bot/build/CMakeFiles/CMakeTmp/CheckSymbolExists.c
Linking C executable cmTC_232cb
/usr/bin/cmake -E cmake_link_script CMakeFiles/cmTC_232cb.dir/link.txt --verbose=1
/usr/bin/cc      -rdynamic CMakeFiles/cmTC_232cb.dir/CheckSymbolExists.c.o  -o cmTC_232cb 
CMakeFiles/cmTC_232cb.dir/CheckSymbolExists.c.o: In function `main':
CheckSymbolExists.c:(.text+0x1b): undefined reference to `pthread_create'
collect2: error: ld returned 1 exit status
CMakeFiles/cmTC_232cb.dir/build.make:97: recipe for target 'cmTC_232cb' failed
make[1]: *** [cmTC_232cb] Error 1
make[1]: Leaving directory '/home/manoj/my_bot/build/CMakeFiles/CMakeTmp'
Makefile:126: recipe for target 'cmTC_232cb/fast' failed
make: *** [cmTC_232cb/fast] Error 2

File /home/manoj/my_bot/build/CMakeFiles/CMakeTmp/CheckSymbolExists.c:
/* */
#include <pthread.h>

int main(int argc, char** argv)
{
  (void)argv;
#ifndef pthread_create
  return ((int*)(&pthread_create))[argc];
#else
  (void)argc;
  return 0;
#endif
}

Determining if the function pthread_create exists in the pthreads failed with the following output:
Change Dir: /home/manoj/my_bot/build/CMakeFiles/CMakeTmp

Run Build Command:"/usr/bin/make" "cmTC_de433/fast"
/usr/bin/make -f CMakeFiles/cmTC_de433.dir/build.make CMakeFiles/cmTC_de433.dir/build
make[1]: Entering directory '/home/manoj/my_bot/build/CMakeFiles/CMakeTmp'
Building C object CMakeFiles/cmTC_de433.dir/CheckFunctionExists.c.o
/usr/bin/cc   -DCHECK_FUNCTION_EXISTS=pthread_create   -o CMakeFiles/cmTC_de433.dir/CheckFunctionExists.c.o   -c /usr/share/cmake-3.10/Modules/CheckFunctionExists.c
Linking C executable cmTC_de433
/usr/bin/cmake -E cmake_link_script CMakeFiles/cmTC_de433.dir/link.txt --verbose=1
/usr/bin/cc  -DCHECK_FUNCTION_EXISTS=pthread_create    -rdynamic CMakeFiles/cmTC_de433.dir/CheckFunctionExists.c.o  -o cmTC_de433 -lpthreads 
/usr/bin/ld: cannot find -lpthreads
collect2: error: ld returned 1 exit status
CMakeFiles/cmTC_de433.dir/build.make:97: recipe for target 'cmTC_de433' failed
make[1]: *** [cmTC_de433] Error 1
make[1]: Leaving directory '/home/manoj/my_bot/build/CMakeFiles/CMakeTmp'
Makefile:126: recipe for target 'cmTC_de433/fast' failed
make: *** [cmTC_de433/fast] Error 2


